2025-09-07 18:05:43,472 - INFO - Roblox is open.
2025-09-07 18:05:48,496 - INFO - Using log file: /Users/sxla/Library/Logs/Roblox/0.689.0.6890885_20250907T142954Z_Player_359a7_last.log
2025-09-07 20:01:39,455 - INFO - Roblox is open.
2025-09-07 20:01:44,490 - INFO - Using log file: /Users/sxla/Library/Logs/Roblox/0.689.0.6890885_20250907T142954Z_Player_359a7_last.log
2025-09-07 20:37:10,684 - INFO - Roblox is open.
2025-09-07 20:37:15,704 - INFO - Using log file: /Users/sxla/Library/Logs/Roblox/0.689.0.6890885_20250907T142954Z_Player_359a7_last.log
2025-09-08 18:01:46,019 - INFO - Using log file: /Users/sxla/Library/Logs/Roblox/0.689.0.6890885_20250908T170141Z_Player_393df_last.log
2025-09-08 20:23:35,211 - INFO - Roblox is open.
2025-09-08 20:23:40,231 - INFO - Using log file: /Users/sxla/Library/Logs/Roblox/0.689.0.6890885_20250908T175203Z_Player_16ab0_last.log
2025-09-08 20:26:17,344 - INFO - Roblox is open.
2025-09-08 20:26:22,349 - INFO - Using log file: /Users/sxla/Library/Logs/Roblox/0.689.0.6890885_20250908T175203Z_Player_16ab0_last.log
2025-09-08 20:35:15,073 - INFO - Roblox is open.
2025-09-08 20:35:20,080 - INFO - Using log file: /Users/sxla/Library/Logs/Roblox/0.689.0.6890885_20250908T175203Z_Player_16ab0_last.log
2025-09-08 20:36:33,962 - INFO - Roblox is open.
2025-09-08 20:36:38,969 - INFO - Using log file: /Users/sxla/Library/Logs/Roblox/0.689.0.6890885_20250908T175203Z_Player_16ab0_last.log
2025-09-08 20:42:05,525 - INFO - Roblox is open.
2025-09-08 20:42:10,538 - INFO - Using log file: /Users/sxla/Library/Logs/Roblox/0.689.0.6890885_20250908T175203Z_Player_16ab0_last.log
2025-09-08 20:47:21,811 - INFO - Roblox is open.
2025-09-08 20:47:26,832 - INFO - Using log file: /Users/sxla/Library/Logs/Roblox/0.689.0.6890885_20250908T175203Z_Player_16ab0_last.log
2025-09-08 20:58:52,102 - INFO - Roblox is open.
2025-09-08 20:58:57,109 - INFO - Using log file: /Users/sxla/Library/Logs/Roblox/0.689.0.6890885_20250908T175203Z_Player_16ab0_last.log
2025-09-08 21:11:15,996 - INFO - Roblox is open.
2025-09-08 21:11:21,015 - INFO - Using log file: /Users/sxla/Library/Logs/Roblox/0.689.0.6890885_20250908T175203Z_Player_16ab0_last.log
2025-09-08 21:28:28,999 - INFO - Roblox is open.
2025-09-08 21:28:34,006 - INFO - Using log file: /Users/sxla/Library/Logs/Roblox/0.689.0.6890885_20250908T175203Z_Player_16ab0_last.log
2025-09-09 06:37:37,871 - INFO - Roblox is open.
2025-09-09 06:37:42,886 - INFO - Using log file: /Users/sxla/Library/Logs/Roblox/0.689.0.6890885_20250908T175203Z_Player_16ab0_last.log
2025-09-09 18:28:16,419 - INFO - Roblox is open.
2025-09-09 18:28:21,434 - INFO - Using log file: /Users/sxla/Library/Logs/Roblox/0.689.0.6890885_20250908T175203Z_Player_16ab0_last.log
2025-09-10 19:28:15,600 - INFO - Roblox is open.
2025-09-10 19:28:20,615 - INFO - Using log file: /Users/sxla/Library/Logs/Roblox/0.689.0.6890885_20250910T181820Z_Player_7f882_last.log
2025-09-10 19:29:09,469 - INFO - Roblox is open.
2025-09-10 19:29:14,476 - INFO - Using log file: /Users/sxla/Library/Logs/Roblox/0.689.0.6890885_20250910T181820Z_Player_7f882_last.log
2025-09-11 17:35:53,949 - INFO - Config file not found, creating one...
2025-09-11 17:37:20,225 - ERROR - Uncaught exception: 'Webhook'
NoneType: None
2025-09-11 17:37:26,386 - ERROR - Uncaught exception: 'Webhook'
NoneType: None
2025-09-11 17:37:31,145 - ERROR - Uncaught exception: 'Webhook'
NoneType: None
2025-09-11 17:37:39,416 - ERROR - Uncaught exception: 'Webhook'
NoneType: None
2025-09-11 17:38:20,954 - ERROR - Uncaught exception: 'Webhook'
NoneType: None
2025-09-11 17:39:11,541 - ERROR - Uncaught exception: 'Webhook'
NoneType: None
2025-09-11 17:39:46,619 - INFO - Config file not found, creating one...
